This is pdfTeX, Version 3.14159265-2.6-1.40.15 (MiKTeX 2.9) (preloaded format=pdflatex 2015.5.30)  8 DEC 2016 19:14
entering extended mode
**"C:/Users/landon/Documents/GitHub/books/graph coloring tools/gct.tex"
("C:/Users/landon/Documents/GitHub/books/graph coloring tools/gct.tex"
LaTeX2e <2015/01/01>
Babel <3.9l> and hyphenation patterns for 69 languages loaded.
("C:\Program Files (x86)\MiKTeX 2.9\tex\latex\amscls\amsbook.cls"
Document Class: amsbook 2015/03/04 v2.20.2
\linespacing=\dimen102
\normalparindent=\dimen103
\normaltopskip=\skip41
("C:\Program Files (x86)\MiKTeX 2.9\tex\latex\amsmath\amsmath.sty"
Package: amsmath 2013/01/14 v2.14 AMS math features
\@mathmargin=\skip42
For additional information on amsmath, use the `?' option.
("C:\Program Files (x86)\MiKTeX 2.9\tex\latex\amsmath\amstext.sty"
Package: amstext 2000/06/29 v2.01
("C:\Program Files (x86)\MiKTeX 2.9\tex\latex\amsmath\amsgen.sty"
File: amsgen.sty 1999/11/30 v2.0
\@emptytoks=\toks14
\ex@=\dimen104
)) ("C:\Program Files (x86)\MiKTeX 2.9\tex\latex\amsmath\amsbsy.sty"
Package: amsbsy 1999/11/29 v1.2d
\pmbraise@=\dimen105
) ("C:\Program Files (x86)\MiKTeX 2.9\tex\latex\amsmath\amsopn.sty"
Package: amsopn 1999/12/14 v2.01 operator names
)
\inf@bad=\count79
LaTeX Info: Redefining \frac on input line 210.
\uproot@=\count80
\leftroot@=\count81
LaTeX Info: Redefining \overline on input line 306.
\classnum@=\count82
\DOTSCASE@=\count83
LaTeX Info: Redefining \ldots on input line 378.
LaTeX Info: Redefining \dots on input line 381.
LaTeX Info: Redefining \cdots on input line 466.
\Mathstrutbox@=\box26
\strutbox@=\box27
\big@size=\dimen106
LaTeX Font Info:    Redeclaring font encoding OML on input line 566.
LaTeX Font Info:    Redeclaring font encoding OMS on input line 567.
\macc@depth=\count84
\c@MaxMatrixCols=\count85
\dotsspace@=\muskip10
\c@parentequation=\count86
\dspbrk@lvl=\count87
\tag@help=\toks15
\row@=\count88
\column@=\count89
\maxfields@=\count90
\andhelp@=\toks16
\eqnshift@=\dimen107
\alignsep@=\dimen108
\tagshift@=\dimen109
\tagwidth@=\dimen110
\totwidth@=\dimen111
\lineht@=\dimen112
\@envbody=\toks17
\multlinegap=\skip43
\multlinetaggap=\skip44
\mathdisplay@stack=\toks18
LaTeX Info: Redefining \[ on input line 2665.
LaTeX Info: Redefining \] on input line 2666.
)
LaTeX Font Info:    Try loading font information for U+msa on input line 367.
("C:\Program Files (x86)\MiKTeX 2.9\tex\latex\amsfonts\umsa.fd"
File: umsa.fd 2013/01/14 v3.01 AMS symbols A
) ("C:\Program Files (x86)\MiKTeX 2.9\tex\latex\amsfonts\amsfonts.sty"
Package: amsfonts 2013/01/14 v3.01 Basic AMSFonts support
\symAMSa=\mathgroup4
\symAMSb=\mathgroup5
LaTeX Font Info:    Overwriting math alphabet `\mathfrak' in version `bold'
(Font)                  U/euf/m/n --> U/euf/b/n on input line 106.
)
\copyins=\insert233
\abstractbox=\box28
\listisep=\skip45
\c@part=\count91
\c@chapter=\count92
\c@section=\count93
\c@subsection=\count94
\c@subsubsection=\count95
\c@paragraph=\count96
\c@subparagraph=\count97
\c@figure=\count98
\c@table=\count99
\abovecaptionskip=\skip46
\belowcaptionskip=\skip47
\captionindent=\dimen113
\thm@style=\toks19
\thm@bodyfont=\toks20
\thm@headfont=\toks21
\thm@notefont=\toks22
\thm@headpunct=\toks23
\thm@preskip=\skip48
\thm@postskip=\skip49
\thm@headsep=\skip50
\dth@everypar=\toks24
)
(C:\Users\landon\AppData\Roaming\MiKTeX\2.9\tex\latex\marginnote\marginnote.sty
Package: marginnote 2012/03/29 v1.1i non floating margin notes for LaTeX
\c@mn@abspage=\count100
)
\c@acknowledgement=\count101
\c@algorithm=\count102
\c@axiom=\count103
\c@case=\count104
\c@claim=\count105
\c@conclusion=\count106
\c@condition=\count107
\c@conjecture=\count108
\c@corollary=\count109
\c@criterion=\count110
\c@definition=\count111
\c@example=\count112
\c@exercise=\count113
\c@lemma=\count114
\c@notation=\count115
\c@problem=\count116
\c@proposition=\count117
\c@remark=\count118
\c@solution=\count119
\c@summary=\count120
\c@theorem=\count121
(gct.aux)
LaTeX Font Info:    Checking defaults for OML/cmm/m/it on input line 49.
LaTeX Font Info:    ... okay on input line 49.
LaTeX Font Info:    Checking defaults for T1/cmr/m/n on input line 49.
LaTeX Font Info:    ... okay on input line 49.
LaTeX Font Info:    Checking defaults for OT1/cmr/m/n on input line 49.
LaTeX Font Info:    ... okay on input line 49.
LaTeX Font Info:    Checking defaults for OMS/cmsy/m/n on input line 49.
LaTeX Font Info:    ... okay on input line 49.
LaTeX Font Info:    Checking defaults for OMX/cmex/m/n on input line 49.
LaTeX Font Info:    ... okay on input line 49.
LaTeX Font Info:    Checking defaults for U/cmr/m/n on input line 49.
LaTeX Font Info:    ... okay on input line 49.
LaTeX Font Info:    Try loading font information for U+msa on input line 49.
("C:\Program Files (x86)\MiKTeX 2.9\tex\latex\amsfonts\umsa.fd"
File: umsa.fd 2013/01/14 v3.01 AMS symbols A
)
LaTeX Font Info:    Try loading font information for U+msb on input line 49.
("C:\Program Files (x86)\MiKTeX 2.9\tex\latex\amsfonts\umsb.fd"
File: umsb.fd 2013/01/14 v3.01 AMS symbols B
)
Package marginnote Info: \pdfoutput not 0 and \pdflastxpos available.
(marginnote)             Extended position detection mode activated.
[1




{C:/Users/landon/AppData/Local/MiKTeX/2.9/pdftex/config/pdftex.map}] [2]
Contents
(gct.toc)
\tf@toc=\write3
[3


] [4


]
preface
[5] [6


]
graphs
Package marginnote Info: Margin note 7.1 is on absolute page 7
(marginnote)              on input line 63.
Package marginnote Info: xpos seems to be 348.60248pt,
(marginnote)             \marginnoterightadjust ignored on input line 63.
Package marginnote Info: Margin note 7.2 is on absolute page 7
(marginnote)              on input line 63.
Package marginnote Info: xpos seems to be 221.03712pt,
(marginnote)             \marginnoterightadjust ignored on input line 63.
Package marginnote Info: Margin note 7.3 is on absolute page 7
(marginnote)              on input line 66.
Package marginnote Info: xpos seems to be 229.30019pt,
(marginnote)             \marginnoterightadjust ignored on input line 66.
Package marginnote Info: Margin note 7.4 is on absolute page 7
(marginnote)              on input line 67.
Package marginnote Info: xpos seems to be 278.41096pt,
(marginnote)             \marginnoterightadjust ignored on input line 67.
C:/Users/landon/Documents/GitHub/books/graph coloring tools/gct.tex:67: Missing
 number, treated as zero
A number should have been here; I inserted `0'.
(If you can't figure out why I needed to see a number,
look up `weird error' in the index to The TeXbook.)


C:/Users/landon/Documents/GitHub/books/graph coloring tools/gct.tex:67: Illegal
 unit of measure (pt inserted)
Dimensions can be in units of em, ex, in, pt, pc,
cm, mm, dd, cc, nd, nc, bp, or sp; but yours is a new one!
I'll assume that you meant to say pt, for printer's points.
To recover gracefully from this error, it's best to
delete the erroneous units; e.g., type `2' to delete
two letters. (See Chapter 27 of The TeXbook.)

Package marginnote Info: Margin note 7.5 is on absolute page 7
(marginnote)              on input line 69.
Package marginnote Info: xpos seems to be 394.87949pt,
(marginnote)             \marginnoterightadjust ignored on input line 69.
Package marginnote Info: Margin note 7.6 is on absolute page 7
(marginnote)              on input line 70.
Package marginnote Info: xpos seems to be 158.95445pt,
(marginnote)             \marginnoterightadjust ignored on input line 70.
Package marginnote Info: Margin note 7.7 is on absolute page 7
(marginnote)              on input line 70.
Package marginnote Info: xpos seems to be 158.95445pt,
(marginnote)             \marginnoterightadjust ignored on input line 70.
Package marginnote Info: Margin note 7.8 is on absolute page 7
(marginnote)              on input line 71.
Package marginnote Info: xpos seems to be 181.24355pt,
(marginnote)             \marginnoterightadjust ignored on input line 71.
 [1


] [2


]
coloring vertices
Package marginnote Info: Margin note 9.1 is on absolute page 9
(marginnote)              on input line 82.
Package marginnote Info: xpos seems to be 217.78368pt,
(marginnote)             \marginnoterightadjust ignored on input line 82.

C:/Users/landon/Documents/GitHub/books/graph coloring tools/gct.tex:82: Missing
 number, treated as zero
A number should have been here; I inserted `0'.
(If you can't figure out why I needed to see a number,
look up `weird error' in the index to The TeXbook.)


C:/Users/landon/Documents/GitHub/books/graph coloring tools/gct.tex:82: Illegal
 unit of measure (pt inserted)
Dimensions can be in units of em, ex, in, pt, pc,
cm, mm, dd, cc, nd, nc, bp, or sp; but yours is a new one!
I'll assume that you meant to say pt, for printer's points.
To recover gracefully from this error, it's best to
delete the erroneous units; e.g., type `2' to delete
two letters. (See Chapter 27 of The TeXbook.)

Package marginnote Info: Margin note 9.2 is on absolute page 9
(marginnote)              on input line 83.
Package marginnote Info: xpos seems to be 408.81076pt,
(marginnote)             \marginnoterightadjust ignored on input line 83.
Package marginnote Info: Margin note 9.3 is on absolute page 9
(marginnote)              on input line 83.
Package marginnote Info: xpos seems to be 451.98535pt,
(marginnote)             \marginnoterightadjust ignored on input line 83.
Package marginnote Info: Margin note 9.4 is on absolute page 9
(marginnote)              on input line 84.
Package marginnote Info: xpos seems to be 269.40465pt,
(marginnote)             \marginnoterightadjust ignored on input line 84.

C:/Users/landon/Documents/GitHub/books/graph coloring tools/gct.tex:84: Missing
 number, treated as zero
A number should have been here; I inserted `0'.
(If you can't figure out why I needed to see a number,
look up `weird error' in the index to The TeXbook.)


C:/Users/landon/Documents/GitHub/books/graph coloring tools/gct.tex:84: Illegal
 unit of measure (pt inserted)
Dimensions can be in units of em, ex, in, pt, pc,
cm, mm, dd, cc, nd, nc, bp, or sp; but yours is a new one!
I'll assume that you meant to say pt, for printer's points.
To recover gracefully from this error, it's best to
delete the erroneous units; e.g., type `2' to delete
two letters. (See Chapter 27 of The TeXbook.)

Package marginnote Info: Margin note 9.5 is on absolute page 9
(marginnote)              on input line 85.
Package marginnote Info: xpos seems to be 334.99576pt,
(marginnote)             \marginnoterightadjust ignored on input line 85.

C:/Users/landon/Documents/GitHub/books/graph coloring tools/gct.tex:85: Missing
 number, treated as zero
A number should have been here; I inserted `0'.
(If you can't figure out why I needed to see a number,
look up `weird error' in the index to The TeXbook.)


C:/Users/landon/Documents/GitHub/books/graph coloring tools/gct.tex:85: Illegal
 unit of measure (pt inserted)
Dimensions can be in units of em, ex, in, pt, pc,
cm, mm, dd, cc, nd, nc, bp, or sp; but yours is a new one!
I'll assume that you meant to say pt, for printer's points.
To recover gracefully from this error, it's best to
delete the erroneous units; e.g., type `2' to delete
two letters. (See Chapter 27 of The TeXbook.)

Package marginnote Info: Margin note 9.6 is on absolute page 9
(marginnote)              on input line 85.
Package marginnote Info: xpos seems to be 334.99576pt,
(marginnote)             \marginnoterightadjust ignored on input line 85.
Package marginnote Info: Margin note 9.7 is on absolute page 9
(marginnote)              on input line 85.
Package marginnote Info: xpos seems to be 334.99576pt,
(marginnote)             \marginnoterightadjust ignored on input line 85.
Package marginnote Info: Margin note 9.8 is on absolute page 10
(marginnote)              on input line 109.
Package marginnote Info: xpos seems to be 192.1962pt,
(marginnote)             \marginnoteleftadjust ignored on input line 109.
Package marginnote Info: Margin note 9.9 is on absolute page 10
(marginnote)              on input line 109.
Package marginnote Info: xpos seems to be 192.1962pt,
(marginnote)             \marginnoteleftadjust ignored on input line 109.
 [3]
Package marginnote Info: Margin note 10.1 is on absolute page 10
(marginnote)              on input line 115.

C:/Users/landon/Documents/GitHub/books/graph coloring tools/gct.tex:115: Missin
g number, treated as zero
A number should have been here; I inserted `0'.
(If you can't figure out why I needed to see a number,
look up `weird error' in the index to The TeXbook.)


C:/Users/landon/Documents/GitHub/books/graph coloring tools/gct.tex:115: Illega
l unit of measure (pt inserted)
Dimensions can be in units of em, ex, in, pt, pc,
cm, mm, dd, cc, nd, nc, bp, or sp; but yours is a new one!
I'll assume that you meant to say pt, for printer's points.
To recover gracefully from this error, it's best to
delete the erroneous units; e.g., type `2' to delete
two letters. (See Chapter 27 of The TeXbook.)

Package marginnote Info: xpos seems to be 355.33339pt,
(marginnote)             \marginnoteleftadjust ignored on input line 115.
Package marginnote Info: Margin note 10.2 is on absolute page 10
(marginnote)              on input line 116.
Package marginnote Info: xpos seems to be 422.95892pt,
(marginnote)             \marginnoteleftadjust ignored on input line 116.
Package marginnote Info: Margin note 10.3 is on absolute page 10
(marginnote)              on input line 116.
Package marginnote Info: xpos seems to be 422.95892pt,
(marginnote)             \marginnoteleftadjust ignored on input line 116.
Package marginnote Info: Margin note 10.4 is on absolute page 10
(marginnote)              on input line 132.

C:/Users/landon/Documents/GitHub/books/graph coloring tools/gct.tex:132: Missin
g number, treated as zero
A number should have been here; I inserted `0'.
(If you can't figure out why I needed to see a number,
look up `weird error' in the index to The TeXbook.)


C:/Users/landon/Documents/GitHub/books/graph coloring tools/gct.tex:132: Illega
l unit of measure (pt inserted)
Dimensions can be in units of em, ex, in, pt, pc,
cm, mm, dd, cc, nd, nc, bp, or sp; but yours is a new one!
I'll assume that you meant to say pt, for printer's points.
To recover gracefully from this error, it's best to
delete the erroneous units; e.g., type `2' to delete
two letters. (See Chapter 27 of The TeXbook.)

Package marginnote Info: xpos seems to be 464.55319pt,
(marginnote)             \marginnoteleftadjust ignored on input line 132.
Package marginnote Info: Margin note 10.5 is on absolute page 10
(marginnote)              on input line 133.

C:/Users/landon/Documents/GitHub/books/graph coloring tools/gct.tex:133: Missin
g number, treated as zero
A number should have been here; I inserted `0'.
(If you can't figure out why I needed to see a number,
look up `weird error' in the index to The TeXbook.)


C:/Users/landon/Documents/GitHub/books/graph coloring tools/gct.tex:133: Illega
l unit of measure (pt inserted)
Dimensions can be in units of em, ex, in, pt, pc,
cm, mm, dd, cc, nd, nc, bp, or sp; but yours is a new one!
I'll assume that you meant to say pt, for printer's points.
To recover gracefully from this error, it's best to
delete the erroneous units; e.g., type `2' to delete
two letters. (See Chapter 27 of The TeXbook.)

Package marginnote Info: xpos seems to be 178.0656pt,
(marginnote)             \marginnoteleftadjust ignored on input line 133.
Package marginnote Info: Margin note 10.6 is on absolute page 10
(marginnote)              on input line 139.

C:/Users/landon/Documents/GitHub/books/graph coloring tools/gct.tex:139: Missin
g number, treated as zero
A number should have been here; I inserted `0'.
(If you can't figure out why I needed to see a number,
look up `weird error' in the index to The TeXbook.)


C:/Users/landon/Documents/GitHub/books/graph coloring tools/gct.tex:139: Illega
l unit of measure (pt inserted)
Dimensions can be in units of em, ex, in, pt, pc,
cm, mm, dd, cc, nd, nc, bp, or sp; but yours is a new one!
I'll assume that you meant to say pt, for printer's points.
To recover gracefully from this error, it's best to
delete the erroneous units; e.g., type `2' to delete
two letters. (See Chapter 27 of The TeXbook.)

Package marginnote Info: xpos seems to be 186.03651pt,
(marginnote)             \marginnoteleftadjust ignored on input line 139.
Package marginnote Info: Margin note 10.7 is on absolute page 10
(marginnote)              on input line 140.

C:/Users/landon/Documents/GitHub/books/graph coloring tools/gct.tex:140: Missin
g number, treated as zero
A number should have been here; I inserted `0'.
(If you can't figure out why I needed to see a number,
look up `weird error' in the index to The TeXbook.)


C:/Users/landon/Documents/GitHub/books/graph coloring tools/gct.tex:140: Illega
l unit of measure (pt inserted)
Dimensions can be in units of em, ex, in, pt, pc,
cm, mm, dd, cc, nd, nc, bp, or sp; but yours is a new one!
I'll assume that you meant to say pt, for printer's points.
To recover gracefully from this error, it's best to
delete the erroneous units; e.g., type `2' to delete
two letters. (See Chapter 27 of The TeXbook.)

Package marginnote Info: xpos seems to be 321.62137pt,
(marginnote)             \marginnoteleftadjust ignored on input line 140.
 [4] [5] [6


]
edge coloring
Package marginnote Info: Margin note 13.1 is on absolute page 13
(marginnote)              on input line 185.
Package marginnote Info: xpos seems to be 158.12285pt,
(marginnote)             \marginnoterightadjust ignored on input line 185.

C:/Users/landon/Documents/GitHub/books/graph coloring tools/gct.tex:185: Missin
g number, treated as zero
A number should have been here; I inserted `0'.
(If you can't figure out why I needed to see a number,
look up `weird error' in the index to The TeXbook.)


C:/Users/landon/Documents/GitHub/books/graph coloring tools/gct.tex:185: Illega
l unit of measure (pt inserted)
Dimensions can be in units of em, ex, in, pt, pc,
cm, mm, dd, cc, nd, nc, bp, or sp; but yours is a new one!
I'll assume that you meant to say pt, for printer's points.
To recover gracefully from this error, it's best to
delete the erroneous units; e.g., type `2' to delete
two letters. (See Chapter 27 of The TeXbook.)

Package marginnote Info: Margin note 13.2 is on absolute page 13
(marginnote)              on input line 185.
Package marginnote Info: xpos seems to be 181.84404pt,
(marginnote)             \marginnoterightadjust ignored on input line 185.

C:/Users/landon/Documents/GitHub/books/graph coloring tools/gct.tex:185: Missin
g number, treated as zero
A number should have been here; I inserted `0'.
(If you can't figure out why I needed to see a number,
look up `weird error' in the index to The TeXbook.)


C:/Users/landon/Documents/GitHub/books/graph coloring tools/gct.tex:185: Illega
l unit of measure (pt inserted)
Dimensions can be in units of em, ex, in, pt, pc,
cm, mm, dd, cc, nd, nc, bp, or sp; but yours is a new one!
I'll assume that you meant to say pt, for printer's points.
To recover gracefully from this error, it's best to
delete the erroneous units; e.g., type `2' to delete
two letters. (See Chapter 27 of The TeXbook.)

Package marginnote Info: Margin note 13.3 is on absolute page 13
(marginnote)              on input line 186.
Package marginnote Info: xpos seems to be 237.76854pt,
(marginnote)             \marginnoterightadjust ignored on input line 186.
 [7] [8]
vertex coloring, again
 [9


] [10


]
edge coloring, again
 [11] [12


]
shuffle tool
 [13] [14


]
independent transversalls
 [15] [16


]
vertex transitive graphs
 [17] [18


]
potential potential tool


C:/Users/landon/Documents/GitHub/books/graph coloring tools/gct.tex:296: LaTeX 
Error: \begin{proof} on input line 146 ended by \end{document}.

See the LaTeX manual or LaTeX Companion for explanation.
Type  H <return>  for immediate help
Your command was ignored.
Type  I <command> <return>  to replace it with another command,
or  <return>  to continue without it.


[19]
(gct.aux) )
(\end occurred inside a group at level 1)

### semi simple group (level 1) entered at line 146 (\begingroup)
### bottom level 
Here is how much of TeX's memory you used:
 1592 strings out of 493671
 17849 string characters out of 3141417
 82184 words of memory out of 3000000
 4810 multiletter control sequences out of 15000+200000
 10697 words of font info for 41 fonts, out of 3000000 for 9000
 1186 hyphenation exceptions out of 8191
 34i,11n,31p,340b,292s stack positions out of 5000i,500n,10000p,200000b,50000s
<C:/Program Files (x86)/MiKTeX 2.9/fonts/type1/public/amsfonts/
cm/cmbx10.pfb><C:/Program Files (x86)/MiKTeX 2.9/fonts/type1/public/amsfonts/cm
/cmbx12.pfb><C:/Program Files (x86)/MiKTeX 2.9/fonts/type1/public/amsfonts/cm/c
mcsc10.pfb><C:/Program Files (x86)/MiKTeX 2.9/fonts/type1/public/amsfonts/cm/cm
mi10.pfb><C:/Program Files (x86)/MiKTeX 2.9/fonts/type1/public/amsfonts/cm/cmmi
7.pfb><C:/Program Files (x86)/MiKTeX 2.9/fonts/type1/public/amsfonts/cm/cmr10.p
fb><C:/Program Files (x86)/MiKTeX 2.9/fonts/type1/public/amsfonts/cm/cmr12.pfb>
<C:/Program Files (x86)/MiKTeX 2.9/fonts/type1/public/amsfonts/cm/cmr7.pfb><C:/
Program Files (x86)/MiKTeX 2.9/fonts/type1/public/amsfonts/cm/cmsy10.pfb><C:/Pr
ogram Files (x86)/MiKTeX 2.9/fonts/type1/public/amsfonts/cm/cmsy7.pfb><C:/Progr
am Files (x86)/MiKTeX 2.9/fonts/type1/public/amsfonts/cm/cmti10.pfb><C:/Program
 Files (x86)/MiKTeX 2.9/fonts/type1/public/amsfonts/symbols/msam10.pfb>
Output written on gct.pdf (25 pages, 187867 bytes).
PDF statistics:
 131 PDF objects out of 1000 (max. 8388607)
 0 named destinations out of 1000 (max. 500000)
 1 words of extra memory for PDF output out of 10000 (max. 10000000)

